<?xml version="1.0" encoding="UTF-8"?>
<testsuite xmlns:xsi="http://www.w3.org/2001/XMLSchema-instance" xsi:noNamespaceSchemaLocation="https://maven.apache.org/surefire/maven-surefire-plugin/xsd/surefire-test-report-3.0.xsd" version="3.0" name="test.PortefeuilleTest" time="0.014" tests="5" errors="0" skipped="0" failures="0">
  <properties>
[...]
</properties>
  <testcase name="testAjouter" classname="test.PortefeuilleTest" time="0.002">
    <system-out><![CDATA[Start test series
testAjouter
]]></system-out>
  </testcase>
  <testcase name="testRetirerReussit" classname="test.PortefeuilleTest" time="0.002">
    <system-out><![CDATA[testRetirerReussit
]]></system-out>
  </testcase>
  <testcase name="testQuantiteInitiale" classname="test.PortefeuilleTest" time="0.001">
    <system-out><![CDATA[testQuantiteInitiale
]]></system-out>
  </testcase>
  <testcase name="testRetirerEchoue" classname="test.PortefeuilleTest" time="0.003">
    <system-out><![CDATA[testRetirerEchoue
]]></system-out>
  </testcase>
  <testcase name="testGetValeurTotale" classname="test.PortefeuilleTest" time="0.001">
    <system-out><![CDATA[testGetValeurTotale
]]></system-out>
  </testcase>
</testsuite>